[20Jan2025 00:05:02.460] [Server thread/INFO] [net.minecraft.server.dedicated.DedicatedServer/]: <Garetexe> xaero-waypoint:granja polvora:G:1957:64:-113:11:false:0:Internal-overworld-waypoints
[20Jan2025 00:06:30.838] [Server thread/INFO] [net.minecraft.server.dedicated.DedicatedServer/]: <EddyChael> entra brian
[20Jan2025 00:06:40.039] [Server thread/INFO] [net.minecraft.server.dedicated.DedicatedServer/]: <GhostSaintRD> voy en un ratico
[20Jan2025 00:06:44.940] [Server thread/INFO] [net.minecraft.server.dedicated.DedicatedServer/]: <EddyChael> tt
[20Jan2025 00:08:27.131] [Server thread/INFO] [net.minecraft.server.dedicated.DedicatedServer/]: <GhostSaintRD> tienes 2 diamantes
[20Jan2025 00:08:33.118] [Server thread/INFO] [net.minecraft.server.dedicated.DedicatedServer/]: <EddyChael> si
[20Jan2025 00:08:52.566] [Server thread/INFO] [net.minecraft.server.dedicated.DedicatedServer/]: <GhostSaintRD> dame plis
[20Jan2025 00:10:41.722] [Server thread/WARN] [net.minecraft.server.network.ServerGamePacketListenerImpl/]: GhostSaintRD moved wrongly!
[20Jan2025 00:17:34.392] [Server thread/INFO] [net.minecraft.server.dedicated.DedicatedServer/]: EddyChael is bleeding. EddyChael fell from a high place
[20Jan2025 00:17:54.323] [Server thread/INFO] [net.minecraft.server.dedicated.DedicatedServer/]: <EddyChael> auxilio soy pendejo}
[20Jan2025 00:18:15.239] [Server thread/INFO] [net.minecraft.server.dedicated.DedicatedServer/]: <GhostSaintRD> vrg
[20Jan2025 00:18:41.388] [Server thread/INFO] [net.minecraft.server.dedicated.DedicatedServer/]: <EddyChael> gracias
[20Jan2025 00:18:44.960] [Server thread/INFO] [com.lothrazar.storagenetwork.StorageNetworkMod/]: BlockPos{x=1391, y=-18, z=-68}
[20Jan2025 00:19:04.224] [Server thread/INFO] [net.minecraft.server.dedicated.DedicatedServer/]: <GhostSaintRD> q
[20Jan2025 00:19:07.888] [Server thread/INFO] [net.minecraft.server.dedicated.DedicatedServer/]: <EddyChael> brian voy a estar AFK
[20Jan2025 00:19:10.059] [Server thread/INFO] [net.minecraft.server.dedicated.DedicatedServer/]: <GhostSaintRD> te revivio
[20Jan2025 00:19:13.334] [Server thread/INFO] [net.minecraft.server.dedicated.DedicatedServer/]: <GhostSaintRD> dale
[20Jan2025 00:19:59.583] [Server thread/INFO] [net.minecraft.server.dedicated.DedicatedServer/]: <EddyChael> donde estas quiero pedirte un ultimo favor si no es problema
[20Jan2025 00:20:07.288] [Server thread/INFO] [net.minecraft.server.dedicated.DedicatedServer/]: <GhostSaintRD> dime
[20Jan2025 00:20:46.317] [Server thread/INFO] [net.minecraft.server.dedicated.DedicatedServer/]: <EddyChael> quiero q me consigas piedra con el pico con toque de seda mucha piedra para hacer atalayas
[20Jan2025 00:20:59.311] [Server thread/INFO] [net.minecraft.server.dedicated.DedicatedServer/]: <GhostSaintRD> okay
[20Jan2025 00:21:07.243] [Server thread/INFO] [net.minecraft.server.dedicated.DedicatedServer/]: <EddyChael> gracias
[20Jan2025 00:27:14.181] [Server thread/INFO] [net.minecraft.server.dedicated.DedicatedServer/]: GhostSaintRD has made the advancement [Going Clubbing]
[20Jan2025 00:28:56.565] [Server thread/INFO] [net.minecraft.server.network.ServerGamePacketListenerImpl/]: GhostSaintRD lost connection: Disconnected
[20Jan2025 00:28:56.565] [Server thread/INFO] [net.minecraft.server.dedicated.DedicatedServer/]: GhostSaintRD left the game
[20Jan2025 00:28:56.566] [Server thread/INFO] [voicechat/]: [voicechat] Disconnecting client GhostSaintRD
[20Jan2025 00:32:30.614] [Server thread/INFO] [net.minecraft.server.network.ServerGamePacketListenerImpl/]: EddyChael lost connection: Disconnected
[20Jan2025 00:32:30.614] [Server thread/INFO] [net.minecraft.server.dedicated.DedicatedServer/]: EddyChael left the game
[20Jan2025 00:32:30.615] [Server thread/INFO] [voicechat/]: [voicechat] Disconnecting client EddyChael
[20Jan2025 00:32:46.266] [Server thread/INFO] [net.minecraftforge.common.AdvancementLoadFix/]: Using new advancement loading for net.minecraft.server.PlayerAdvancements@588dc7b5
[20Jan2025 00:32:46.273] [Server thread/INFO] [net.minecraft.server.players.PlayerList/]: EddyChael[/127.215.197.171:48759] logged in with entity id 370524 at (1410.38585215181, 63.0, -49.26200122548417)
[20Jan2025 00:32:46.278] [Server thread/INFO] [net.minecraft.server.dedicated.DedicatedServer/]: EddyChael joined the game
[20Jan2025 00:32:46.282] [Server thread/INFO] [Waila/]: Syncing config to EddyChael (2f1010da-94cd-30a0-8690-2034ac5e709a)
[20Jan2025 00:32:46.282] [Server thread/INFO] [me.edoren.skin_changer.server.SkinProviderController/]: Player EddyChael just logged in with id 2f1010da-94cd-30a0-8690-2034ac5e709a
[20Jan2025 00:32:46.283] [ForkJoinPool-5-worker-13/INFO] [me.edoren.skin_changer.common.NetworkUtils/]: Downloading file https://playerdb.co/api/player/minecraft/EddyChael
[20Jan2025 00:32:49.090] [Server thread/INFO] [voicechat/]: [voicechat] Received secret request of EddyChael (18)
[20Jan2025 00:32:49.090] [Server thread/INFO] [voicechat/]: [voicechat] Sent secret to EddyChael
[20Jan2025 00:32:49.678] [ForkJoinPool-5-worker-13/INFO] [me.edoren.skin_changer.common.NetworkUtils/]: Error downloading file https://playerdb.co/api/player/minecraft/EddyChael
[20Jan2025 00:32:49.678] [ForkJoinPool-5-worker-13/INFO] [me.edoren.skin_changer.common.NetworkUtils/]: Downloading file https://playerdb.co/api/player/minecraft/EddyChael
[20Jan2025 00:32:49.813] [ForkJoinPool-5-worker-13/INFO] [me.edoren.skin_changer.common.NetworkUtils/]: Error downloading file https://playerdb.co/api/player/minecraft/EddyChael
[20Jan2025 00:47:04.311] [Server thread/INFO] [net.minecraft.server.dedicated.DedicatedServer/]: <EddyChael> guille
[20Jan2025 01:49:49.418] [Server thread/INFO] [net.minecraft.server.dedicated.DedicatedServer/]: <EddyChael> guillermo
[20Jan2025 01:49:58.062] [Server thread/INFO] [net.minecraft.server.dedicated.DedicatedServer/]: <EddyChael> estas vivo
[20Jan2025 01:51:35.510] [Server thread/INFO] [net.minecraft.server.dedicated.DedicatedServer/]: <EddyChael> estas vivo
[20Jan2025 01:51:50.639] [Server thread/INFO] [net.minecraft.server.dedicated.DedicatedServer/]: EddyChael is bleeding. EddyChael was slain by Garetexe
[20Jan2025 01:51:57.858] [Server thread/INFO] [net.minecraft.server.dedicated.DedicatedServer/]: <EddyChael> aja
[20Jan2025 01:52:09.652] [Server thread/INFO] [net.minecraft.server.dedicated.DedicatedServer/]: <Garetexe> com,ida
[20Jan2025 01:52:11.728] [Server thread/INFO] [net.minecraft.server.dedicated.DedicatedServer/]: <Garetexe> dame
[20Jan2025 01:52:16.104] [Server thread/INFO] [net.minecraft.server.dedicated.DedicatedServer/]: <Garetexe> plos
[20Jan2025 01:52:22.042] [Server thread/INFO] [net.minecraft.server.dedicated.DedicatedServer/]: <Garetexe> traeme gatos
[20Jan2025 01:52:46.709] [Server thread/INFO] [net.minecraft.server.dedicated.DedicatedServer/]: <EddyChael> aqui ahy uno
[20Jan2025 01:52:52.560] [Server thread/INFO] [net.minecraft.server.dedicated.DedicatedServer/]: <Garetexe> si pero
[20Jan2025 01:52:57.078] [Server thread/INFO] [net.minecraft.server.dedicated.DedicatedServer/]: <Garetexe> nse
[20Jan2025 01:53:00.956] [Server thread/INFO] [net.minecraft.server.dedicated.DedicatedServer/]: <EddyChael> puedes entrar a la llamada
[20Jan2025 01:53:02.427] [Server thread/INFO] [net.minecraft.server.dedicated.DedicatedServer/]: <Garetexe> nesesito 3 mas
[20Jan2025 01:54:32.462] [Server thread/INFO] [net.minecraft.server.dedicated.DedicatedServer/]: <EddyChael> bro me rompiste mi escudo bro wtf
